[INFO] Running S3 creation script...
[INFO] Running S3 creation script...
[INFO] Running S3 creation script...
[INFO] Running S3 creation script...
[INFO] Running S3 creation script...
{
    "Location": "http://meshramji.s3.amazonaws.com/"
}
[INFO] Running S3 creation script for bucket 'meshrams' in region 'ap-south-1'...
[INFO] Running S3 creation script for bucket 'meshramsji' in region 'ap-south-1'...
[INFO] Running S3 creation script for bucket 'meshramsssss' in region 'ap-south-1'...
[INFO] Running S3 creation script for bucket 'meshrambucket' in region 'ap-south-1'...
[INFO] Running S3 creation script for bucket 'meshrambucket' in region 'ap-south-1'...
[INFO] Running S3 creation script for bucket 'meshrams' in region 'ap-south-1'...
[INFO] Running S3 creation script for bucket 'meshrams' in region 'ap-south-1'...
[INFO] Running S3 creation script for bucket 'meshrams' in region 'ap-south-1'...
Creating S3 bucket 'meshrams' in region 'ap-south-1'...
{
    "Location": "http://meshrams.s3.amazonaws.com/"
}
✅ Bucket 'meshrams' created successfully.
[INFO] Running S3 creation script for bucket 'pujameshram' in region 'ap-south-1'...
Creating S3 bucket 'pujameshram' in region 'ap-south-1'...
{
    "Location": "http://pujameshram.s3.amazonaws.com/"
}
✅ Bucket 'pujameshram' created successfully.
[INFO] Running S3 creation script for bucket 'bucket' in region 'pujameshram'...
Creating S3 bucket 'bucket' in region 'pujameshram'...
[INFO] Running S3 creation script for bucket 'pujameshram' in region 'ap-south-1'...
Creating S3 bucket 'pujameshram' in region 'ap-south-1'...
{
    "Location": "http://pujameshram.s3.amazonaws.com/"
}
✅ Bucket 'pujameshram' created successfully.
[INFO] Creating bucket 'meshramji' in region 'ap-south-1' with ACL 'public'...
[INFO] Listing S3 buckets...
[INFO] Creating bucket 'shubhammeshram' in region 'ap-south-1' with ACL 'public'...
